DYLD_FALLBACK_LIBRARY_PATH=.:/Users/taishoiwamoto/.rvm/rubies/ruby-3.2.2/lib pkg-config --exists sqlite3
DYLD_FALLBACK_LIBRARY_PATH=.:/Users/taishoiwamoto/.rvm/rubies/ruby-3.2.2/lib pkg-config --libs sqlite3 |
=> "-L/opt/homebrew/opt/sqlite/lib -lsqlite3\n"
DYLD_FALLBACK_LIBRARY_PATH=.:/Users/taishoiwamoto/.rvm/rubies/ruby-3.2.2/lib "gcc -o conftest -I/Users/taishoiwamoto/.rvm/rubies/ruby-3.2.2/include/ruby-3.2.0/arm64-darwin23 -I/Users/taishoiwamoto/.rvm/rubies/ruby-3.2.2/include/ruby-3.2.0/ruby/backward -I/Users/taishoiwamoto/.rvm/rubies/ruby-3.2.2/include/ruby-3.2.0 -I. -D_XOPEN_SOURCE -D_DARWIN_C_SOURCE -D_DARWIN_UNLIMITED_SELECT -D_REENTRANT   -O3 -I/opt/homebrew/opt/libyaml/include -I/opt/homebrew/opt/libksba/include -I/opt/homebrew/opt/readline/include -I/opt/homebrew/opt/zlib/include -I/opt/homebrew/opt/openssl@1.1/include -fdeclspec -O3 -fno-fast-math -ggdb3 -Wall -Wextra -Wextra-tokens -Wdeprecated-declarations -Wdivision-by-zero -Wdiv-by-zero -Wimplicit-function-declaration -Wimplicit-int -Wmisleading-indentation -Wpointer-arith -Wshorten-64-to-32 -Wwrite-strings -Wold-style-definition -Wmissing-noreturn -Wno-cast-function-type -Wno-constant-logical-operand -Wno-long-long -Wno-missing-field-initializers -Wno-overlength-strings -Wno-parentheses-equality -Wno-self-assign -Wno-tautological-compare -Wno-unused-parameter -Wno-unused-value -Wunused-variable -Wundef -fno-common -pipe conftest.c  -L. -L/Users/taishoiwamoto/.rvm/rubies/ruby-3.2.2/lib -L. -L/opt/homebrew/opt/libyaml/lib -L/opt/homebrew/opt/libksba/lib -L/opt/homebrew/opt/readline/lib -L/opt/homebrew/opt/zlib/lib -L/opt/homebrew/opt/openssl@1.1/lib -fstack-protector-strong     -lruby.3.2  -lpthread  "
checked program was:
/* begin */
1: #include "ruby.h"
2: 
3: int main(int argc, char **argv)
4: {
5:   return !!argv[argc];
6: }
/* end */

DYLD_FALLBACK_LIBRARY_PATH=.:/Users/taishoiwamoto/.rvm/rubies/ruby-3.2.2/lib "gcc -o conftest -I/Users/taishoiwamoto/.rvm/rubies/ruby-3.2.2/include/ruby-3.2.0/arm64-darwin23 -I/Users/taishoiwamoto/.rvm/rubies/ruby-3.2.2/include/ruby-3.2.0/ruby/backward -I/Users/taishoiwamoto/.rvm/rubies/ruby-3.2.2/include/ruby-3.2.0 -I. -D_XOPEN_SOURCE -D_DARWIN_C_SOURCE -D_DARWIN_UNLIMITED_SELECT -D_REENTRANT   -O3 -I/opt/homebrew/opt/libyaml/include -I/opt/homebrew/opt/libksba/include -I/opt/homebrew/opt/readline/include -I/opt/homebrew/opt/zlib/include -I/opt/homebrew/opt/openssl@1.1/include -fdeclspec -O3 -fno-fast-math -ggdb3 -Wall -Wextra -Wextra-tokens -Wdeprecated-declarations -Wdivision-by-zero -Wdiv-by-zero -Wimplicit-function-declaration -Wimplicit-int -Wmisleading-indentation -Wpointer-arith -Wshorten-64-to-32 -Wwrite-strings -Wold-style-definition -Wmissing-noreturn -Wno-cast-function-type -Wno-constant-logical-operand -Wno-long-long -Wno-missing-field-initializers -Wno-overlength-strings -Wno-parentheses-equality -Wno-self-assign -Wno-tautological-compare -Wno-unused-parameter -Wno-unused-value -Wunused-variable -Wundef -fno-common -pipe conftest.c  -L. -L/Users/taishoiwamoto/.rvm/rubies/ruby-3.2.2/lib -L. -L/opt/homebrew/opt/libyaml/lib -L/opt/homebrew/opt/libksba/lib -L/opt/homebrew/opt/readline/lib -L/opt/homebrew/opt/zlib/lib -L/opt/homebrew/opt/openssl@1.1/lib -fstack-protector-strong     -lruby.3.2 -L/opt/homebrew/opt/sqlite/lib -lsqlite3 -lpthread  "
checked program was:
/* begin */
1: #include "ruby.h"
2: 
3: int main(int argc, char **argv)
4: {
5:   return !!argv[argc];
6: }
/* end */

DYLD_FALLBACK_LIBRARY_PATH=.:/Users/taishoiwamoto/.rvm/rubies/ruby-3.2.2/lib pkg-config --cflags-only-I sqlite3 |
=> "-I/opt/homebrew/opt/sqlite/include\n"
DYLD_FALLBACK_LIBRARY_PATH=.:/Users/taishoiwamoto/.rvm/rubies/ruby-3.2.2/lib pkg-config --cflags-only-other sqlite3 |
=> "\n"
DYLD_FALLBACK_LIBRARY_PATH=.:/Users/taishoiwamoto/.rvm/rubies/ruby-3.2.2/lib pkg-config --libs-only-l sqlite3 |
=> "-lsqlite3\n"
package configuration for sqlite3
incflags: -I/opt/homebrew/opt/sqlite/include
cflags: 
ldflags: -L/opt/homebrew/opt/sqlite/lib
libs: -lsqlite3

find_header: checking for sqlite3.h... -------------------- yes

DYLD_FALLBACK_LIBRARY_PATH=.:/Users/taishoiwamoto/.rvm/rubies/ruby-3.2.2/lib "gcc -I/Users/taishoiwamoto/.rvm/rubies/ruby-3.2.2/include/ruby-3.2.0/arm64-darwin23 -I/Users/taishoiwamoto/.rvm/rubies/ruby-3.2.2/include/ruby-3.2.0/ruby/backward -I/Users/taishoiwamoto/.rvm/rubies/ruby-3.2.2/include/ruby-3.2.0 -I. -I/opt/homebrew/opt/sqlite/include -D_XOPEN_SOURCE -D_DARWIN_C_SOURCE -D_DARWIN_UNLIMITED_SELECT -D_REENTRANT   -O3 -I/opt/homebrew/opt/libyaml/include -I/opt/homebrew/opt/libksba/include -I/opt/homebrew/opt/readline/include -I/opt/homebrew/opt/zlib/include -I/opt/homebrew/opt/openssl@1.1/include -fdeclspec -O3 -fno-fast-math -ggdb3 -Wall -Wextra -Wextra-tokens -Wdeprecated-declarations -Wdivision-by-zero -Wdiv-by-zero -Wimplicit-function-declaration -Wimplicit-int -Wmisleading-indentation -Wpointer-arith -Wshorten-64-to-32 -Wwrite-strings -Wold-style-definition -Wmissing-noreturn -Wno-cast-function-type -Wno-constant-logical-operand -Wno-long-long -Wno-missing-field-initializers -Wno-overlength-strings -Wno-parentheses-equality -Wno-self-assign -Wno-tautological-compare -Wno-unused-parameter -Wno-unused-value -Wunused-variable -Wundef -fno-common -pipe    -c conftest.c"
checked program was:
/* begin */
1: #include "ruby.h"
2: 
3: #include <sqlite3.h>
/* end */

--------------------

find_library: checking for pthread_create() in -lpthread... -------------------- yes

DYLD_FALLBACK_LIBRARY_PATH=.:/Users/taishoiwamoto/.rvm/rubies/ruby-3.2.2/lib "gcc -o conftest -I/Users/taishoiwamoto/.rvm/rubies/ruby-3.2.2/include/ruby-3.2.0/arm64-darwin23 -I/Users/taishoiwamoto/.rvm/rubies/ruby-3.2.2/include/ruby-3.2.0/ruby/backward -I/Users/taishoiwamoto/.rvm/rubies/ruby-3.2.2/include/ruby-3.2.0 -I. -I/opt/homebrew/opt/sqlite/include -D_XOPEN_SOURCE -D_DARWIN_C_SOURCE -D_DARWIN_UNLIMITED_SELECT -D_REENTRANT   -O3 -I/opt/homebrew/opt/libyaml/include -I/opt/homebrew/opt/libksba/include -I/opt/homebrew/opt/readline/include -I/opt/homebrew/opt/zlib/include -I/opt/homebrew/opt/openssl@1.1/include -fdeclspec -O3 -fno-fast-math -ggdb3 -Wall -Wextra -Wextra-tokens -Wdeprecated-declarations -Wdivision-by-zero -Wdiv-by-zero -Wimplicit-function-declaration -Wimplicit-int -Wmisleading-indentation -Wpointer-arith -Wshorten-64-to-32 -Wwrite-strings -Wold-style-definition -Wmissing-noreturn -Wno-cast-function-type -Wno-constant-logical-operand -Wno-long-long -Wno-missing-field-initializers -Wno-overlength-strings -Wno-parentheses-equality -Wno-self-assign -Wno-tautological-compare -Wno-unused-parameter -Wno-unused-value -Wunused-variable -Wundef -fno-common -pipe  conftest.c  -L. -L/Users/taishoiwamoto/.rvm/rubies/ruby-3.2.2/lib -L. -L/opt/homebrew/opt/libyaml/lib -L/opt/homebrew/opt/libksba/lib -L/opt/homebrew/opt/readline/lib -L/opt/homebrew/opt/zlib/lib -L/opt/homebrew/opt/openssl@1.1/lib -fstack-protector-strong -L/opt/homebrew/opt/sqlite/lib     -lsqlite3 -lruby.3.2 -lpthread  -lsqlite3 -lpthread  "
conftest.c:14:57: error: use of undeclared identifier 'pthread_create'
int t(void) { void ((*volatile p)()); p = (void ((*)()))pthread_create; return !p; }
                                                        ^
1 error generated.
checked program was:
/* begin */
 1: #include "ruby.h"
 2: 
 3: /*top*/
 4: extern int t(void);
 5: int main(int argc, char **argv)
 6: {
 7:   if (argc > 1000000) {
 8:     int (* volatile tp)(void)=(int (*)(void))&t;
 9:     printf("%d", (*tp)());
10:   }
11: 
12:   return !!argv[argc];
13: }
14: int t(void) { void ((*volatile p)()); p = (void ((*)()))pthread_create; return !p; }
/* end */

DYLD_FALLBACK_LIBRARY_PATH=.:/Users/taishoiwamoto/.rvm/rubies/ruby-3.2.2/lib "gcc -o conftest -I/Users/taishoiwamoto/.rvm/rubies/ruby-3.2.2/include/ruby-3.2.0/arm64-darwin23 -I/Users/taishoiwamoto/.rvm/rubies/ruby-3.2.2/include/ruby-3.2.0/ruby/backward -I/Users/taishoiwamoto/.rvm/rubies/ruby-3.2.2/include/ruby-3.2.0 -I. -I/opt/homebrew/opt/sqlite/include -D_XOPEN_SOURCE -D_DARWIN_C_SOURCE -D_DARWIN_UNLIMITED_SELECT -D_REENTRANT   -O3 -I/opt/homebrew/opt/libyaml/include -I/opt/homebrew/opt/libksba/include -I/opt/homebrew/opt/readline/include -I/opt/homebrew/opt/zlib/include -I/opt/homebrew/opt/openssl@1.1/include -fdeclspec -O3 -fno-fast-math -ggdb3 -Wall -Wextra -Wextra-tokens -Wdeprecated-declarations -Wdivision-by-zero -Wdiv-by-zero -Wimplicit-function-declaration -Wimplicit-int -Wmisleading-indentation -Wpointer-arith -Wshorten-64-to-32 -Wwrite-strings -Wold-style-definition -Wmissing-noreturn -Wno-cast-function-type -Wno-constant-logical-operand -Wno-long-long -Wno-missing-field-initializers -Wno-overlength-strings -Wno-parentheses-equality -Wno-self-assign -Wno-tautological-compare -Wno-unused-parameter -Wno-unused-value -Wunused-variable -Wundef -fno-common -pipe  conftest.c  -L. -L/Users/taishoiwamoto/.rvm/rubies/ruby-3.2.2/lib -L. -L/opt/homebrew/opt/libyaml/lib -L/opt/homebrew/opt/libksba/lib -L/opt/homebrew/opt/readline/lib -L/opt/homebrew/opt/zlib/lib -L/opt/homebrew/opt/openssl@1.1/lib -fstack-protector-strong -L/opt/homebrew/opt/sqlite/lib     -lsqlite3 -lruby.3.2 -lpthread  -lsqlite3 -lpthread  "
ld: warning: ignoring duplicate libraries: '-lpthread', '-lsqlite3'
checked program was:
/* begin */
 1: #include "ruby.h"
 2: 
 3: /*top*/
 4: extern int t(void);
 5: int main(int argc, char **argv)
 6: {
 7:   if (argc > 1000000) {
 8:     int (* volatile tp)(void)=(int (*)(void))&t;
 9:     printf("%d", (*tp)());
10:   }
11: 
12:   return !!argv[argc];
13: }
14: extern void pthread_create();
15: int t(void) { pthread_create(); return 0; }
/* end */

--------------------

have_library: checking for -ldl... -------------------- yes

DYLD_FALLBACK_LIBRARY_PATH=.:/Users/taishoiwamoto/.rvm/rubies/ruby-3.2.2/lib "gcc -o conftest -I/Users/taishoiwamoto/.rvm/rubies/ruby-3.2.2/include/ruby-3.2.0/arm64-darwin23 -I/Users/taishoiwamoto/.rvm/rubies/ruby-3.2.2/include/ruby-3.2.0/ruby/backward -I/Users/taishoiwamoto/.rvm/rubies/ruby-3.2.2/include/ruby-3.2.0 -I. -I/opt/homebrew/opt/sqlite/include -D_XOPEN_SOURCE -D_DARWIN_C_SOURCE -D_DARWIN_UNLIMITED_SELECT -D_REENTRANT   -O3 -I/opt/homebrew/opt/libyaml/include -I/opt/homebrew/opt/libksba/include -I/opt/homebrew/opt/readline/include -I/opt/homebrew/opt/zlib/include -I/opt/homebrew/opt/openssl@1.1/include -fdeclspec -O3 -fno-fast-math -ggdb3 -Wall -Wextra -Wextra-tokens -Wdeprecated-declarations -Wdivision-by-zero -Wdiv-by-zero -Wimplicit-function-declaration -Wimplicit-int -Wmisleading-indentation -Wpointer-arith -Wshorten-64-to-32 -Wwrite-strings -Wold-style-definition -Wmissing-noreturn -Wno-cast-function-type -Wno-constant-logical-operand -Wno-long-long -Wno-missing-field-initializers -Wno-overlength-strings -Wno-parentheses-equality -Wno-self-assign -Wno-tautological-compare -Wno-unused-parameter -Wno-unused-value -Wunused-variable -Wundef -fno-common -pipe  conftest.c  -L. -L/Users/taishoiwamoto/.rvm/rubies/ruby-3.2.2/lib -L. -L/opt/homebrew/opt/libyaml/lib -L/opt/homebrew/opt/libksba/lib -L/opt/homebrew/opt/readline/lib -L/opt/homebrew/opt/zlib/lib -L/opt/homebrew/opt/openssl@1.1/lib -fstack-protector-strong -L/opt/homebrew/opt/sqlite/lib    -lpthread  -lsqlite3 -lruby.3.2 -ldl -lpthread  -lsqlite3 -lpthread  "
ld: warning: ignoring duplicate libraries: '-lpthread', '-lsqlite3'
checked program was:
/* begin */
 1: #include "ruby.h"
 2: 
 3: /*top*/
 4: extern int t(void);
 5: int main(int argc, char **argv)
 6: {
 7:   if (argc > 1000000) {
 8:     int (* volatile tp)(void)=(int (*)(void))&t;
 9:     printf("%d", (*tp)());
10:   }
11: 
12:   return !!argv[argc];
13: }
14: 
15: int t(void) { ; return 0; }
/* end */

--------------------

find_library: checking for sqlite3_libversion_number() in -lsqlite3... -------------------- yes

DYLD_FALLBACK_LIBRARY_PATH=.:/Users/taishoiwamoto/.rvm/rubies/ruby-3.2.2/lib "gcc -o conftest -I/Users/taishoiwamoto/.rvm/rubies/ruby-3.2.2/include/ruby-3.2.0/arm64-darwin23 -I/Users/taishoiwamoto/.rvm/rubies/ruby-3.2.2/include/ruby-3.2.0/ruby/backward -I/Users/taishoiwamoto/.rvm/rubies/ruby-3.2.2/include/ruby-3.2.0 -I. -I/opt/homebrew/opt/sqlite/include -D_XOPEN_SOURCE -D_DARWIN_C_SOURCE -D_DARWIN_UNLIMITED_SELECT -D_REENTRANT   -O3 -I/opt/homebrew/opt/libyaml/include -I/opt/homebrew/opt/libksba/include -I/opt/homebrew/opt/readline/include -I/opt/homebrew/opt/zlib/include -I/opt/homebrew/opt/openssl@1.1/include -fdeclspec -O3 -fno-fast-math -ggdb3 -Wall -Wextra -Wextra-tokens -Wdeprecated-declarations -Wdivision-by-zero -Wdiv-by-zero -Wimplicit-function-declaration -Wimplicit-int -Wmisleading-indentation -Wpointer-arith -Wshorten-64-to-32 -Wwrite-strings -Wold-style-definition -Wmissing-noreturn -Wno-cast-function-type -Wno-constant-logical-operand -Wno-long-long -Wno-missing-field-initializers -Wno-overlength-strings -Wno-parentheses-equality -Wno-self-assign -Wno-tautological-compare -Wno-unused-parameter -Wno-unused-value -Wunused-variable -Wundef -fno-common -pipe  conftest.c  -L. -L/Users/taishoiwamoto/.rvm/rubies/ruby-3.2.2/lib -L. -L/opt/homebrew/opt/libyaml/lib -L/opt/homebrew/opt/libksba/lib -L/opt/homebrew/opt/readline/lib -L/opt/homebrew/opt/zlib/lib -L/opt/homebrew/opt/openssl@1.1/lib -fstack-protector-strong -L/opt/homebrew/opt/sqlite/lib    -ldl -lpthread  -lsqlite3 -lruby.3.2 -lsqlite3 -ldl -lpthread  -lsqlite3 -lpthread  "
conftest.c:14:57: error: use of undeclared identifier 'sqlite3_libversion_number'
int t(void) { void ((*volatile p)()); p = (void ((*)()))sqlite3_libversion_number; return !p; }
                                                        ^
1 error generated.
checked program was:
/* begin */
 1: #include "ruby.h"
 2: 
 3: /*top*/
 4: extern int t(void);
 5: int main(int argc, char **argv)
 6: {
 7:   if (argc > 1000000) {
 8:     int (* volatile tp)(void)=(int (*)(void))&t;
 9:     printf("%d", (*tp)());
10:   }
11: 
12:   return !!argv[argc];
13: }
14: int t(void) { void ((*volatile p)()); p = (void ((*)()))sqlite3_libversion_number; return !p; }
/* end */

DYLD_FALLBACK_LIBRARY_PATH=.:/Users/taishoiwamoto/.rvm/rubies/ruby-3.2.2/lib "gcc -o conftest -I/Users/taishoiwamoto/.rvm/rubies/ruby-3.2.2/include/ruby-3.2.0/arm64-darwin23 -I/Users/taishoiwamoto/.rvm/rubies/ruby-3.2.2/include/ruby-3.2.0/ruby/backward -I/Users/taishoiwamoto/.rvm/rubies/ruby-3.2.2/include/ruby-3.2.0 -I. -I/opt/homebrew/opt/sqlite/include -D_XOPEN_SOURCE -D_DARWIN_C_SOURCE -D_DARWIN_UNLIMITED_SELECT -D_REENTRANT   -O3 -I/opt/homebrew/opt/libyaml/include -I/opt/homebrew/opt/libksba/include -I/opt/homebrew/opt/readline/include -I/opt/homebrew/opt/zlib/include -I/opt/homebrew/opt/openssl@1.1/include -fdeclspec -O3 -fno-fast-math -ggdb3 -Wall -Wextra -Wextra-tokens -Wdeprecated-declarations -Wdivision-by-zero -Wdiv-by-zero -Wimplicit-function-declaration -Wimplicit-int -Wmisleading-indentation -Wpointer-arith -Wshorten-64-to-32 -Wwrite-strings -Wold-style-definition -Wmissing-noreturn -Wno-cast-function-type -Wno-constant-logical-operand -Wno-long-long -Wno-missing-field-initializers -Wno-overlength-strings -Wno-parentheses-equality -Wno-self-assign -Wno-tautological-compare -Wno-unused-parameter -Wno-unused-value -Wunused-variable -Wundef -fno-common -pipe  conftest.c  -L. -L/Users/taishoiwamoto/.rvm/rubies/ruby-3.2.2/lib -L. -L/opt/homebrew/opt/libyaml/lib -L/opt/homebrew/opt/libksba/lib -L/opt/homebrew/opt/readline/lib -L/opt/homebrew/opt/zlib/lib -L/opt/homebrew/opt/openssl@1.1/lib -fstack-protector-strong -L/opt/homebrew/opt/sqlite/lib    -ldl -lpthread  -lsqlite3 -lruby.3.2 -lsqlite3 -ldl -lpthread  -lsqlite3 -lpthread  "
ld: warning: ignoring duplicate libraries: '-ldl', '-lpthread', '-lsqlite3'
checked program was:
/* begin */
 1: #include "ruby.h"
 2: 
 3: /*top*/
 4: extern int t(void);
 5: int main(int argc, char **argv)
 6: {
 7:   if (argc > 1000000) {
 8:     int (* volatile tp)(void)=(int (*)(void))&t;
 9:     printf("%d", (*tp)());
10:   }
11: 
12:   return !!argv[argc];
13: }
14: extern void sqlite3_libversion_number();
15: int t(void) { sqlite3_libversion_number(); return 0; }
/* end */

--------------------

have_func: checking for rb_proc_arity()... -------------------- yes

DYLD_FALLBACK_LIBRARY_PATH=.:/Users/taishoiwamoto/.rvm/rubies/ruby-3.2.2/lib "gcc -o conftest -I/Users/taishoiwamoto/.rvm/rubies/ruby-3.2.2/include/ruby-3.2.0/arm64-darwin23 -I/Users/taishoiwamoto/.rvm/rubies/ruby-3.2.2/include/ruby-3.2.0/ruby/backward -I/Users/taishoiwamoto/.rvm/rubies/ruby-3.2.2/include/ruby-3.2.0 -I. -I/opt/homebrew/opt/sqlite/include -D_XOPEN_SOURCE -D_DARWIN_C_SOURCE -D_DARWIN_UNLIMITED_SELECT -D_REENTRANT   -O3 -I/opt/homebrew/opt/libyaml/include -I/opt/homebrew/opt/libksba/include -I/opt/homebrew/opt/readline/include -I/opt/homebrew/opt/zlib/include -I/opt/homebrew/opt/openssl@1.1/include -fdeclspec -O3 -fno-fast-math -ggdb3 -Wall -Wextra -Wextra-tokens -Wdeprecated-declarations -Wdivision-by-zero -Wdiv-by-zero -Wimplicit-function-declaration -Wimplicit-int -Wmisleading-indentation -Wpointer-arith -Wshorten-64-to-32 -Wwrite-strings -Wold-style-definition -Wmissing-noreturn -Wno-cast-function-type -Wno-constant-logical-operand -Wno-long-long -Wno-missing-field-initializers -Wno-overlength-strings -Wno-parentheses-equality -Wno-self-assign -Wno-tautological-compare -Wno-unused-parameter -Wno-unused-value -Wunused-variable -Wundef -fno-common -pipe  conftest.c  -L. -L/Users/taishoiwamoto/.rvm/rubies/ruby-3.2.2/lib -L. -L/opt/homebrew/opt/libyaml/lib -L/opt/homebrew/opt/libksba/lib -L/opt/homebrew/opt/readline/lib -L/opt/homebrew/opt/zlib/lib -L/opt/homebrew/opt/openssl@1.1/lib -fstack-protector-strong -L/opt/homebrew/opt/sqlite/lib    -lsqlite3 -ldl -lpthread  -lsqlite3 -lruby.3.2 -lsqlite3 -ldl -lpthread  -lsqlite3 -lpthread  "
ld: warning: ignoring duplicate libraries: '-ldl', '-lpthread', '-lsqlite3'
checked program was:
/* begin */
 1: #include "ruby.h"
 2: 
 3: /*top*/
 4: extern int t(void);
 5: int main(int argc, char **argv)
 6: {
 7:   if (argc > 1000000) {
 8:     int (* volatile tp)(void)=(int (*)(void))&t;
 9:     printf("%d", (*tp)());
10:   }
11: 
12:   return !!argv[argc];
13: }
14: int t(void) { void ((*volatile p)()); p = (void ((*)()))rb_proc_arity; return !p; }
/* end */

--------------------

have_func: checking for rb_integer_pack()... -------------------- yes

DYLD_FALLBACK_LIBRARY_PATH=.:/Users/taishoiwamoto/.rvm/rubies/ruby-3.2.2/lib "gcc -o conftest -I/Users/taishoiwamoto/.rvm/rubies/ruby-3.2.2/include/ruby-3.2.0/arm64-darwin23 -I/Users/taishoiwamoto/.rvm/rubies/ruby-3.2.2/include/ruby-3.2.0/ruby/backward -I/Users/taishoiwamoto/.rvm/rubies/ruby-3.2.2/include/ruby-3.2.0 -I. -I/opt/homebrew/opt/sqlite/include -D_XOPEN_SOURCE -D_DARWIN_C_SOURCE -D_DARWIN_UNLIMITED_SELECT -D_REENTRANT   -O3 -I/opt/homebrew/opt/libyaml/include -I/opt/homebrew/opt/libksba/include -I/opt/homebrew/opt/readline/include -I/opt/homebrew/opt/zlib/include -I/opt/homebrew/opt/openssl@1.1/include -fdeclspec -O3 -fno-fast-math -ggdb3 -Wall -Wextra -Wextra-tokens -Wdeprecated-declarations -Wdivision-by-zero -Wdiv-by-zero -Wimplicit-function-declaration -Wimplicit-int -Wmisleading-indentation -Wpointer-arith -Wshorten-64-to-32 -Wwrite-strings -Wold-style-definition -Wmissing-noreturn -Wno-cast-function-type -Wno-constant-logical-operand -Wno-long-long -Wno-missing-field-initializers -Wno-overlength-strings -Wno-parentheses-equality -Wno-self-assign -Wno-tautological-compare -Wno-unused-parameter -Wno-unused-value -Wunused-variable -Wundef -fno-common -pipe  conftest.c  -L. -L/Users/taishoiwamoto/.rvm/rubies/ruby-3.2.2/lib -L. -L/opt/homebrew/opt/libyaml/lib -L/opt/homebrew/opt/libksba/lib -L/opt/homebrew/opt/readline/lib -L/opt/homebrew/opt/zlib/lib -L/opt/homebrew/opt/openssl@1.1/lib -fstack-protector-strong -L/opt/homebrew/opt/sqlite/lib    -lsqlite3 -ldl -lpthread  -lsqlite3 -lruby.3.2 -lsqlite3 -ldl -lpthread  -lsqlite3 -lpthread  "
ld: warning: ignoring duplicate libraries: '-ldl', '-lpthread', '-lsqlite3'
checked program was:
/* begin */
 1: #include "ruby.h"
 2: 
 3: /*top*/
 4: extern int t(void);
 5: int main(int argc, char **argv)
 6: {
 7:   if (argc > 1000000) {
 8:     int (* volatile tp)(void)=(int (*)(void))&t;
 9:     printf("%d", (*tp)());
10:   }
11: 
12:   return !!argv[argc];
13: }
14: int t(void) { void ((*volatile p)()); p = (void ((*)()))rb_integer_pack; return !p; }
/* end */

--------------------

have_func: checking for sqlite3_initialize()... -------------------- yes

DYLD_FALLBACK_LIBRARY_PATH=.:/Users/taishoiwamoto/.rvm/rubies/ruby-3.2.2/lib "gcc -o conftest -I/Users/taishoiwamoto/.rvm/rubies/ruby-3.2.2/include/ruby-3.2.0/arm64-darwin23 -I/Users/taishoiwamoto/.rvm/rubies/ruby-3.2.2/include/ruby-3.2.0/ruby/backward -I/Users/taishoiwamoto/.rvm/rubies/ruby-3.2.2/include/ruby-3.2.0 -I. -I/opt/homebrew/opt/sqlite/include -D_XOPEN_SOURCE -D_DARWIN_C_SOURCE -D_DARWIN_UNLIMITED_SELECT -D_REENTRANT   -O3 -I/opt/homebrew/opt/libyaml/include -I/opt/homebrew/opt/libksba/include -I/opt/homebrew/opt/readline/include -I/opt/homebrew/opt/zlib/include -I/opt/homebrew/opt/openssl@1.1/include -fdeclspec -O3 -fno-fast-math -ggdb3 -Wall -Wextra -Wextra-tokens -Wdeprecated-declarations -Wdivision-by-zero -Wdiv-by-zero -Wimplicit-function-declaration -Wimplicit-int -Wmisleading-indentation -Wpointer-arith -Wshorten-64-to-32 -Wwrite-strings -Wold-style-definition -Wmissing-noreturn -Wno-cast-function-type -Wno-constant-logical-operand -Wno-long-long -Wno-missing-field-initializers -Wno-overlength-strings -Wno-parentheses-equality -Wno-self-assign -Wno-tautological-compare -Wno-unused-parameter -Wno-unused-value -Wunused-variable -Wundef -fno-common -pipe  conftest.c  -L. -L/Users/taishoiwamoto/.rvm/rubies/ruby-3.2.2/lib -L. -L/opt/homebrew/opt/libyaml/lib -L/opt/homebrew/opt/libksba/lib -L/opt/homebrew/opt/readline/lib -L/opt/homebrew/opt/zlib/lib -L/opt/homebrew/opt/openssl@1.1/lib -fstack-protector-strong -L/opt/homebrew/opt/sqlite/lib    -lsqlite3 -ldl -lpthread  -lsqlite3 -lruby.3.2 -lsqlite3 -ldl -lpthread  -lsqlite3 -lpthread  "
conftest.c:14:57: error: use of undeclared identifier 'sqlite3_initialize'
int t(void) { void ((*volatile p)()); p = (void ((*)()))sqlite3_initialize; return !p; }
                                                        ^
1 error generated.
checked program was:
/* begin */
 1: #include "ruby.h"
 2: 
 3: /*top*/
 4: extern int t(void);
 5: int main(int argc, char **argv)
 6: {
 7:   if (argc > 1000000) {
 8:     int (* volatile tp)(void)=(int (*)(void))&t;
 9:     printf("%d", (*tp)());
10:   }
11: 
12:   return !!argv[argc];
13: }
14: int t(void) { void ((*volatile p)()); p = (void ((*)()))sqlite3_initialize; return !p; }
/* end */

DYLD_FALLBACK_LIBRARY_PATH=.:/Users/taishoiwamoto/.rvm/rubies/ruby-3.2.2/lib "gcc -o conftest -I/Users/taishoiwamoto/.rvm/rubies/ruby-3.2.2/include/ruby-3.2.0/arm64-darwin23 -I/Users/taishoiwamoto/.rvm/rubies/ruby-3.2.2/include/ruby-3.2.0/ruby/backward -I/Users/taishoiwamoto/.rvm/rubies/ruby-3.2.2/include/ruby-3.2.0 -I. -I/opt/homebrew/opt/sqlite/include -D_XOPEN_SOURCE -D_DARWIN_C_SOURCE -D_DARWIN_UNLIMITED_SELECT -D_REENTRANT   -O3 -I/opt/homebrew/opt/libyaml/include -I/opt/homebrew/opt/libksba/include -I/opt/homebrew/opt/readline/include -I/opt/homebrew/opt/zlib/include -I/opt/homebrew/opt/openssl@1.1/include -fdeclspec -O3 -fno-fast-math -ggdb3 -Wall -Wextra -Wextra-tokens -Wdeprecated-declarations -Wdivision-by-zero -Wdiv-by-zero -Wimplicit-function-declaration -Wimplicit-int -Wmisleading-indentation -Wpointer-arith -Wshorten-64-to-32 -Wwrite-strings -Wold-style-definition -Wmissing-noreturn -Wno-cast-function-type -Wno-constant-logical-operand -Wno-long-long -Wno-missing-field-initializers -Wno-overlength-strings -Wno-parentheses-equality -Wno-self-assign -Wno-tautological-compare -Wno-unused-parameter -Wno-unused-value -Wunused-variable -Wundef -fno-common -pipe  conftest.c  -L. -L/Users/taishoiwamoto/.rvm/rubies/ruby-3.2.2/lib -L. -L/opt/homebrew/opt/libyaml/lib -L/opt/homebrew/opt/libksba/lib -L/opt/homebrew/opt/readline/lib -L/opt/homebrew/opt/zlib/lib -L/opt/homebrew/opt/openssl@1.1/lib -fstack-protector-strong -L/opt/homebrew/opt/sqlite/lib    -lsqlite3 -ldl -lpthread  -lsqlite3 -lruby.3.2 -lsqlite3 -ldl -lpthread  -lsqlite3 -lpthread  "
ld: warning: ignoring duplicate libraries: '-ldl', '-lpthread', '-lsqlite3'
checked program was:
/* begin */
 1: #include "ruby.h"
 2: 
 3: /*top*/
 4: extern int t(void);
 5: int main(int argc, char **argv)
 6: {
 7:   if (argc > 1000000) {
 8:     int (* volatile tp)(void)=(int (*)(void))&t;
 9:     printf("%d", (*tp)());
10:   }
11: 
12:   return !!argv[argc];
13: }
14: extern void sqlite3_initialize();
15: int t(void) { sqlite3_initialize(); return 0; }
/* end */

--------------------

have_func: checking for sqlite3_backup_init()... -------------------- yes

DYLD_FALLBACK_LIBRARY_PATH=.:/Users/taishoiwamoto/.rvm/rubies/ruby-3.2.2/lib "gcc -o conftest -I/Users/taishoiwamoto/.rvm/rubies/ruby-3.2.2/include/ruby-3.2.0/arm64-darwin23 -I/Users/taishoiwamoto/.rvm/rubies/ruby-3.2.2/include/ruby-3.2.0/ruby/backward -I/Users/taishoiwamoto/.rvm/rubies/ruby-3.2.2/include/ruby-3.2.0 -I. -I/opt/homebrew/opt/sqlite/include -D_XOPEN_SOURCE -D_DARWIN_C_SOURCE -D_DARWIN_UNLIMITED_SELECT -D_REENTRANT   -O3 -I/opt/homebrew/opt/libyaml/include -I/opt/homebrew/opt/libksba/include -I/opt/homebrew/opt/readline/include -I/opt/homebrew/opt/zlib/include -I/opt/homebrew/opt/openssl@1.1/include -fdeclspec -O3 -fno-fast-math -ggdb3 -Wall -Wextra -Wextra-tokens -Wdeprecated-declarations -Wdivision-by-zero -Wdiv-by-zero -Wimplicit-function-declaration -Wimplicit-int -Wmisleading-indentation -Wpointer-arith -Wshorten-64-to-32 -Wwrite-strings -Wold-style-definition -Wmissing-noreturn -Wno-cast-function-type -Wno-constant-logical-operand -Wno-long-long -Wno-missing-field-initializers -Wno-overlength-strings -Wno-parentheses-equality -Wno-self-assign -Wno-tautological-compare -Wno-unused-parameter -Wno-unused-value -Wunused-variable -Wundef -fno-common -pipe  conftest.c  -L. -L/Users/taishoiwamoto/.rvm/rubies/ruby-3.2.2/lib -L. -L/opt/homebrew/opt/libyaml/lib -L/opt/homebrew/opt/libksba/lib -L/opt/homebrew/opt/readline/lib -L/opt/homebrew/opt/zlib/lib -L/opt/homebrew/opt/openssl@1.1/lib -fstack-protector-strong -L/opt/homebrew/opt/sqlite/lib    -lsqlite3 -ldl -lpthread  -lsqlite3 -lruby.3.2 -lsqlite3 -ldl -lpthread  -lsqlite3 -lpthread  "
conftest.c:14:57: error: use of undeclared identifier 'sqlite3_backup_init'
int t(void) { void ((*volatile p)()); p = (void ((*)()))sqlite3_backup_init; return !p; }
                                                        ^
1 error generated.
checked program was:
/* begin */
 1: #include "ruby.h"
 2: 
 3: /*top*/
 4: extern int t(void);
 5: int main(int argc, char **argv)
 6: {
 7:   if (argc > 1000000) {
 8:     int (* volatile tp)(void)=(int (*)(void))&t;
 9:     printf("%d", (*tp)());
10:   }
11: 
12:   return !!argv[argc];
13: }
14: int t(void) { void ((*volatile p)()); p = (void ((*)()))sqlite3_backup_init; return !p; }
/* end */

DYLD_FALLBACK_LIBRARY_PATH=.:/Users/taishoiwamoto/.rvm/rubies/ruby-3.2.2/lib "gcc -o conftest -I/Users/taishoiwamoto/.rvm/rubies/ruby-3.2.2/include/ruby-3.2.0/arm64-darwin23 -I/Users/taishoiwamoto/.rvm/rubies/ruby-3.2.2/include/ruby-3.2.0/ruby/backward -I/Users/taishoiwamoto/.rvm/rubies/ruby-3.2.2/include/ruby-3.2.0 -I. -I/opt/homebrew/opt/sqlite/include -D_XOPEN_SOURCE -D_DARWIN_C_SOURCE -D_DARWIN_UNLIMITED_SELECT -D_REENTRANT   -O3 -I/opt/homebrew/opt/libyaml/include -I/opt/homebrew/opt/libksba/include -I/opt/homebrew/opt/readline/include -I/opt/homebrew/opt/zlib/include -I/opt/homebrew/opt/openssl@1.1/include -fdeclspec -O3 -fno-fast-math -ggdb3 -Wall -Wextra -Wextra-tokens -Wdeprecated-declarations -Wdivision-by-zero -Wdiv-by-zero -Wimplicit-function-declaration -Wimplicit-int -Wmisleading-indentation -Wpointer-arith -Wshorten-64-to-32 -Wwrite-strings -Wold-style-definition -Wmissing-noreturn -Wno-cast-function-type -Wno-constant-logical-operand -Wno-long-long -Wno-missing-field-initializers -Wno-overlength-strings -Wno-parentheses-equality -Wno-self-assign -Wno-tautological-compare -Wno-unused-parameter -Wno-unused-value -Wunused-variable -Wundef -fno-common -pipe  conftest.c  -L. -L/Users/taishoiwamoto/.rvm/rubies/ruby-3.2.2/lib -L. -L/opt/homebrew/opt/libyaml/lib -L/opt/homebrew/opt/libksba/lib -L/opt/homebrew/opt/readline/lib -L/opt/homebrew/opt/zlib/lib -L/opt/homebrew/opt/openssl@1.1/lib -fstack-protector-strong -L/opt/homebrew/opt/sqlite/lib    -lsqlite3 -ldl -lpthread  -lsqlite3 -lruby.3.2 -lsqlite3 -ldl -lpthread  -lsqlite3 -lpthread  "
ld: warning: ignoring duplicate libraries: '-ldl', '-lpthread', '-lsqlite3'
checked program was:
/* begin */
 1: #include "ruby.h"
 2: 
 3: /*top*/
 4: extern int t(void);
 5: int main(int argc, char **argv)
 6: {
 7:   if (argc > 1000000) {
 8:     int (* volatile tp)(void)=(int (*)(void))&t;
 9:     printf("%d", (*tp)());
10:   }
11: 
12:   return !!argv[argc];
13: }
14: extern void sqlite3_backup_init();
15: int t(void) { sqlite3_backup_init(); return 0; }
/* end */

--------------------

have_func: checking for sqlite3_column_database_name()... -------------------- yes

DYLD_FALLBACK_LIBRARY_PATH=.:/Users/taishoiwamoto/.rvm/rubies/ruby-3.2.2/lib "gcc -o conftest -I/Users/taishoiwamoto/.rvm/rubies/ruby-3.2.2/include/ruby-3.2.0/arm64-darwin23 -I/Users/taishoiwamoto/.rvm/rubies/ruby-3.2.2/include/ruby-3.2.0/ruby/backward -I/Users/taishoiwamoto/.rvm/rubies/ruby-3.2.2/include/ruby-3.2.0 -I. -I/opt/homebrew/opt/sqlite/include -D_XOPEN_SOURCE -D_DARWIN_C_SOURCE -D_DARWIN_UNLIMITED_SELECT -D_REENTRANT   -O3 -I/opt/homebrew/opt/libyaml/include -I/opt/homebrew/opt/libksba/include -I/opt/homebrew/opt/readline/include -I/opt/homebrew/opt/zlib/include -I/opt/homebrew/opt/openssl@1.1/include -fdeclspec -O3 -fno-fast-math -ggdb3 -Wall -Wextra -Wextra-tokens -Wdeprecated-declarations -Wdivision-by-zero -Wdiv-by-zero -Wimplicit-function-declaration -Wimplicit-int -Wmisleading-indentation -Wpointer-arith -Wshorten-64-to-32 -Wwrite-strings -Wold-style-definition -Wmissing-noreturn -Wno-cast-function-type -Wno-constant-logical-operand -Wno-long-long -Wno-missing-field-initializers -Wno-overlength-strings -Wno-parentheses-equality -Wno-self-assign -Wno-tautological-compare -Wno-unused-parameter -Wno-unused-value -Wunused-variable -Wundef -fno-common -pipe  conftest.c  -L. -L/Users/taishoiwamoto/.rvm/rubies/ruby-3.2.2/lib -L. -L/opt/homebrew/opt/libyaml/lib -L/opt/homebrew/opt/libksba/lib -L/opt/homebrew/opt/readline/lib -L/opt/homebrew/opt/zlib/lib -L/opt/homebrew/opt/openssl@1.1/lib -fstack-protector-strong -L/opt/homebrew/opt/sqlite/lib    -lsqlite3 -ldl -lpthread  -lsqlite3 -lruby.3.2 -lsqlite3 -ldl -lpthread  -lsqlite3 -lpthread  "
conftest.c:14:57: error: use of undeclared identifier 'sqlite3_column_database_name'
int t(void) { void ((*volatile p)()); p = (void ((*)()))sqlite3_column_database_name; return !p; }
                                                        ^
1 error generated.
checked program was:
/* begin */
 1: #include "ruby.h"
 2: 
 3: /*top*/
 4: extern int t(void);
 5: int main(int argc, char **argv)
 6: {
 7:   if (argc > 1000000) {
 8:     int (* volatile tp)(void)=(int (*)(void))&t;
 9:     printf("%d", (*tp)());
10:   }
11: 
12:   return !!argv[argc];
13: }
14: int t(void) { void ((*volatile p)()); p = (void ((*)()))sqlite3_column_database_name; return !p; }
/* end */

DYLD_FALLBACK_LIBRARY_PATH=.:/Users/taishoiwamoto/.rvm/rubies/ruby-3.2.2/lib "gcc -o conftest -I/Users/taishoiwamoto/.rvm/rubies/ruby-3.2.2/include/ruby-3.2.0/arm64-darwin23 -I/Users/taishoiwamoto/.rvm/rubies/ruby-3.2.2/include/ruby-3.2.0/ruby/backward -I/Users/taishoiwamoto/.rvm/rubies/ruby-3.2.2/include/ruby-3.2.0 -I. -I/opt/homebrew/opt/sqlite/include -D_XOPEN_SOURCE -D_DARWIN_C_SOURCE -D_DARWIN_UNLIMITED_SELECT -D_REENTRANT   -O3 -I/opt/homebrew/opt/libyaml/include -I/opt/homebrew/opt/libksba/include -I/opt/homebrew/opt/readline/include -I/opt/homebrew/opt/zlib/include -I/opt/homebrew/opt/openssl@1.1/include -fdeclspec -O3 -fno-fast-math -ggdb3 -Wall -Wextra -Wextra-tokens -Wdeprecated-declarations -Wdivision-by-zero -Wdiv-by-zero -Wimplicit-function-declaration -Wimplicit-int -Wmisleading-indentation -Wpointer-arith -Wshorten-64-to-32 -Wwrite-strings -Wold-style-definition -Wmissing-noreturn -Wno-cast-function-type -Wno-constant-logical-operand -Wno-long-long -Wno-missing-field-initializers -Wno-overlength-strings -Wno-parentheses-equality -Wno-self-assign -Wno-tautological-compare -Wno-unused-parameter -Wno-unused-value -Wunused-variable -Wundef -fno-common -pipe  conftest.c  -L. -L/Users/taishoiwamoto/.rvm/rubies/ruby-3.2.2/lib -L. -L/opt/homebrew/opt/libyaml/lib -L/opt/homebrew/opt/libksba/lib -L/opt/homebrew/opt/readline/lib -L/opt/homebrew/opt/zlib/lib -L/opt/homebrew/opt/openssl@1.1/lib -fstack-protector-strong -L/opt/homebrew/opt/sqlite/lib    -lsqlite3 -ldl -lpthread  -lsqlite3 -lruby.3.2 -lsqlite3 -ldl -lpthread  -lsqlite3 -lpthread  "
ld: warning: ignoring duplicate libraries: '-ldl', '-lpthread', '-lsqlite3'
checked program was:
/* begin */
 1: #include "ruby.h"
 2: 
 3: /*top*/
 4: extern int t(void);
 5: int main(int argc, char **argv)
 6: {
 7:   if (argc > 1000000) {
 8:     int (* volatile tp)(void)=(int (*)(void))&t;
 9:     printf("%d", (*tp)());
10:   }
11: 
12:   return !!argv[argc];
13: }
14: extern void sqlite3_column_database_name();
15: int t(void) { sqlite3_column_database_name(); return 0; }
/* end */

--------------------

have_func: checking for sqlite3_enable_load_extension()... -------------------- yes

DYLD_FALLBACK_LIBRARY_PATH=.:/Users/taishoiwamoto/.rvm/rubies/ruby-3.2.2/lib "gcc -o conftest -I/Users/taishoiwamoto/.rvm/rubies/ruby-3.2.2/include/ruby-3.2.0/arm64-darwin23 -I/Users/taishoiwamoto/.rvm/rubies/ruby-3.2.2/include/ruby-3.2.0/ruby/backward -I/Users/taishoiwamoto/.rvm/rubies/ruby-3.2.2/include/ruby-3.2.0 -I. -I/opt/homebrew/opt/sqlite/include -D_XOPEN_SOURCE -D_DARWIN_C_SOURCE -D_DARWIN_UNLIMITED_SELECT -D_REENTRANT   -O3 -I/opt/homebrew/opt/libyaml/include -I/opt/homebrew/opt/libksba/include -I/opt/homebrew/opt/readline/include -I/opt/homebrew/opt/zlib/include -I/opt/homebrew/opt/openssl@1.1/include -fdeclspec -O3 -fno-fast-math -ggdb3 -Wall -Wextra -Wextra-tokens -Wdeprecated-declarations -Wdivision-by-zero -Wdiv-by-zero -Wimplicit-function-declaration -Wimplicit-int -Wmisleading-indentation -Wpointer-arith -Wshorten-64-to-32 -Wwrite-strings -Wold-style-definition -Wmissing-noreturn -Wno-cast-function-type -Wno-constant-logical-operand -Wno-long-long -Wno-missing-field-initializers -Wno-overlength-strings -Wno-parentheses-equality -Wno-self-assign -Wno-tautological-compare -Wno-unused-parameter -Wno-unused-value -Wunused-variable -Wundef -fno-common -pipe  conftest.c  -L. -L/Users/taishoiwamoto/.rvm/rubies/ruby-3.2.2/lib -L. -L/opt/homebrew/opt/libyaml/lib -L/opt/homebrew/opt/libksba/lib -L/opt/homebrew/opt/readline/lib -L/opt/homebrew/opt/zlib/lib -L/opt/homebrew/opt/openssl@1.1/lib -fstack-protector-strong -L/opt/homebrew/opt/sqlite/lib    -lsqlite3 -ldl -lpthread  -lsqlite3 -lruby.3.2 -lsqlite3 -ldl -lpthread  -lsqlite3 -lpthread  "
conftest.c:14:57: error: use of undeclared identifier 'sqlite3_enable_load_extension'
int t(void) { void ((*volatile p)()); p = (void ((*)()))sqlite3_enable_load_extension; return !p; }
                                                        ^
1 error generated.
checked program was:
/* begin */
 1: #include "ruby.h"
 2: 
 3: /*top*/
 4: extern int t(void);
 5: int main(int argc, char **argv)
 6: {
 7:   if (argc > 1000000) {
 8:     int (* volatile tp)(void)=(int (*)(void))&t;
 9:     printf("%d", (*tp)());
10:   }
11: 
12:   return !!argv[argc];
13: }
14: int t(void) { void ((*volatile p)()); p = (void ((*)()))sqlite3_enable_load_extension; return !p; }
/* end */

DYLD_FALLBACK_LIBRARY_PATH=.:/Users/taishoiwamoto/.rvm/rubies/ruby-3.2.2/lib "gcc -o conftest -I/Users/taishoiwamoto/.rvm/rubies/ruby-3.2.2/include/ruby-3.2.0/arm64-darwin23 -I/Users/taishoiwamoto/.rvm/rubies/ruby-3.2.2/include/ruby-3.2.0/ruby/backward -I/Users/taishoiwamoto/.rvm/rubies/ruby-3.2.2/include/ruby-3.2.0 -I. -I/opt/homebrew/opt/sqlite/include -D_XOPEN_SOURCE -D_DARWIN_C_SOURCE -D_DARWIN_UNLIMITED_SELECT -D_REENTRANT   -O3 -I/opt/homebrew/opt/libyaml/include -I/opt/homebrew/opt/libksba/include -I/opt/homebrew/opt/readline/include -I/opt/homebrew/opt/zlib/include -I/opt/homebrew/opt/openssl@1.1/include -fdeclspec -O3 -fno-fast-math -ggdb3 -Wall -Wextra -Wextra-tokens -Wdeprecated-declarations -Wdivision-by-zero -Wdiv-by-zero -Wimplicit-function-declaration -Wimplicit-int -Wmisleading-indentation -Wpointer-arith -Wshorten-64-to-32 -Wwrite-strings -Wold-style-definition -Wmissing-noreturn -Wno-cast-function-type -Wno-constant-logical-operand -Wno-long-long -Wno-missing-field-initializers -Wno-overlength-strings -Wno-parentheses-equality -Wno-self-assign -Wno-tautological-compare -Wno-unused-parameter -Wno-unused-value -Wunused-variable -Wundef -fno-common -pipe  conftest.c  -L. -L/Users/taishoiwamoto/.rvm/rubies/ruby-3.2.2/lib -L. -L/opt/homebrew/opt/libyaml/lib -L/opt/homebrew/opt/libksba/lib -L/opt/homebrew/opt/readline/lib -L/opt/homebrew/opt/zlib/lib -L/opt/homebrew/opt/openssl@1.1/lib -fstack-protector-strong -L/opt/homebrew/opt/sqlite/lib    -lsqlite3 -ldl -lpthread  -lsqlite3 -lruby.3.2 -lsqlite3 -ldl -lpthread  -lsqlite3 -lpthread  "
ld: warning: ignoring duplicate libraries: '-ldl', '-lpthread', '-lsqlite3'
checked program was:
/* begin */
 1: #include "ruby.h"
 2: 
 3: /*top*/
 4: extern int t(void);
 5: int main(int argc, char **argv)
 6: {
 7:   if (argc > 1000000) {
 8:     int (* volatile tp)(void)=(int (*)(void))&t;
 9:     printf("%d", (*tp)());
10:   }
11: 
12:   return !!argv[argc];
13: }
14: extern void sqlite3_enable_load_extension();
15: int t(void) { sqlite3_enable_load_extension(); return 0; }
/* end */

--------------------

have_func: checking for sqlite3_load_extension()... -------------------- yes

DYLD_FALLBACK_LIBRARY_PATH=.:/Users/taishoiwamoto/.rvm/rubies/ruby-3.2.2/lib "gcc -o conftest -I/Users/taishoiwamoto/.rvm/rubies/ruby-3.2.2/include/ruby-3.2.0/arm64-darwin23 -I/Users/taishoiwamoto/.rvm/rubies/ruby-3.2.2/include/ruby-3.2.0/ruby/backward -I/Users/taishoiwamoto/.rvm/rubies/ruby-3.2.2/include/ruby-3.2.0 -I. -I/opt/homebrew/opt/sqlite/include -D_XOPEN_SOURCE -D_DARWIN_C_SOURCE -D_DARWIN_UNLIMITED_SELECT -D_REENTRANT   -O3 -I/opt/homebrew/opt/libyaml/include -I/opt/homebrew/opt/libksba/include -I/opt/homebrew/opt/readline/include -I/opt/homebrew/opt/zlib/include -I/opt/homebrew/opt/openssl@1.1/include -fdeclspec -O3 -fno-fast-math -ggdb3 -Wall -Wextra -Wextra-tokens -Wdeprecated-declarations -Wdivision-by-zero -Wdiv-by-zero -Wimplicit-function-declaration -Wimplicit-int -Wmisleading-indentation -Wpointer-arith -Wshorten-64-to-32 -Wwrite-strings -Wold-style-definition -Wmissing-noreturn -Wno-cast-function-type -Wno-constant-logical-operand -Wno-long-long -Wno-missing-field-initializers -Wno-overlength-strings -Wno-parentheses-equality -Wno-self-assign -Wno-tautological-compare -Wno-unused-parameter -Wno-unused-value -Wunused-variable -Wundef -fno-common -pipe  conftest.c  -L. -L/Users/taishoiwamoto/.rvm/rubies/ruby-3.2.2/lib -L. -L/opt/homebrew/opt/libyaml/lib -L/opt/homebrew/opt/libksba/lib -L/opt/homebrew/opt/readline/lib -L/opt/homebrew/opt/zlib/lib -L/opt/homebrew/opt/openssl@1.1/lib -fstack-protector-strong -L/opt/homebrew/opt/sqlite/lib    -lsqlite3 -ldl -lpthread  -lsqlite3 -lruby.3.2 -lsqlite3 -ldl -lpthread  -lsqlite3 -lpthread  "
conftest.c:14:57: error: use of undeclared identifier 'sqlite3_load_extension'
int t(void) { void ((*volatile p)()); p = (void ((*)()))sqlite3_load_extension; return !p; }
                                                        ^
1 error generated.
checked program was:
/* begin */
 1: #include "ruby.h"
 2: 
 3: /*top*/
 4: extern int t(void);
 5: int main(int argc, char **argv)
 6: {
 7:   if (argc > 1000000) {
 8:     int (* volatile tp)(void)=(int (*)(void))&t;
 9:     printf("%d", (*tp)());
10:   }
11: 
12:   return !!argv[argc];
13: }
14: int t(void) { void ((*volatile p)()); p = (void ((*)()))sqlite3_load_extension; return !p; }
/* end */

DYLD_FALLBACK_LIBRARY_PATH=.:/Users/taishoiwamoto/.rvm/rubies/ruby-3.2.2/lib "gcc -o conftest -I/Users/taishoiwamoto/.rvm/rubies/ruby-3.2.2/include/ruby-3.2.0/arm64-darwin23 -I/Users/taishoiwamoto/.rvm/rubies/ruby-3.2.2/include/ruby-3.2.0/ruby/backward -I/Users/taishoiwamoto/.rvm/rubies/ruby-3.2.2/include/ruby-3.2.0 -I. -I/opt/homebrew/opt/sqlite/include -D_XOPEN_SOURCE -D_DARWIN_C_SOURCE -D_DARWIN_UNLIMITED_SELECT -D_REENTRANT   -O3 -I/opt/homebrew/opt/libyaml/include -I/opt/homebrew/opt/libksba/include -I/opt/homebrew/opt/readline/include -I/opt/homebrew/opt/zlib/include -I/opt/homebrew/opt/openssl@1.1/include -fdeclspec -O3 -fno-fast-math -ggdb3 -Wall -Wextra -Wextra-tokens -Wdeprecated-declarations -Wdivision-by-zero -Wdiv-by-zero -Wimplicit-function-declaration -Wimplicit-int -Wmisleading-indentation -Wpointer-arith -Wshorten-64-to-32 -Wwrite-strings -Wold-style-definition -Wmissing-noreturn -Wno-cast-function-type -Wno-constant-logical-operand -Wno-long-long -Wno-missing-field-initializers -Wno-overlength-strings -Wno-parentheses-equality -Wno-self-assign -Wno-tautological-compare -Wno-unused-parameter -Wno-unused-value -Wunused-variable -Wundef -fno-common -pipe  conftest.c  -L. -L/Users/taishoiwamoto/.rvm/rubies/ruby-3.2.2/lib -L. -L/opt/homebrew/opt/libyaml/lib -L/opt/homebrew/opt/libksba/lib -L/opt/homebrew/opt/readline/lib -L/opt/homebrew/opt/zlib/lib -L/opt/homebrew/opt/openssl@1.1/lib -fstack-protector-strong -L/opt/homebrew/opt/sqlite/lib    -lsqlite3 -ldl -lpthread  -lsqlite3 -lruby.3.2 -lsqlite3 -ldl -lpthread  -lsqlite3 -lpthread  "
ld: warning: ignoring duplicate libraries: '-ldl', '-lpthread', '-lsqlite3'
checked program was:
/* begin */
 1: #include "ruby.h"
 2: 
 3: /*top*/
 4: extern int t(void);
 5: int main(int argc, char **argv)
 6: {
 7:   if (argc > 1000000) {
 8:     int (* volatile tp)(void)=(int (*)(void))&t;
 9:     printf("%d", (*tp)());
10:   }
11: 
12:   return !!argv[argc];
13: }
14: extern void sqlite3_load_extension();
15: int t(void) { sqlite3_load_extension(); return 0; }
/* end */

--------------------

have_func: checking for sqlite3_open_v2()... -------------------- yes

DYLD_FALLBACK_LIBRARY_PATH=.:/Users/taishoiwamoto/.rvm/rubies/ruby-3.2.2/lib "gcc -o conftest -I/Users/taishoiwamoto/.rvm/rubies/ruby-3.2.2/include/ruby-3.2.0/arm64-darwin23 -I/Users/taishoiwamoto/.rvm/rubies/ruby-3.2.2/include/ruby-3.2.0/ruby/backward -I/Users/taishoiwamoto/.rvm/rubies/ruby-3.2.2/include/ruby-3.2.0 -I. -I/opt/homebrew/opt/sqlite/include -D_XOPEN_SOURCE -D_DARWIN_C_SOURCE -D_DARWIN_UNLIMITED_SELECT -D_REENTRANT   -O3 -I/opt/homebrew/opt/libyaml/include -I/opt/homebrew/opt/libksba/include -I/opt/homebrew/opt/readline/include -I/opt/homebrew/opt/zlib/include -I/opt/homebrew/opt/openssl@1.1/include -fdeclspec -O3 -fno-fast-math -ggdb3 -Wall -Wextra -Wextra-tokens -Wdeprecated-declarations -Wdivision-by-zero -Wdiv-by-zero -Wimplicit-function-declaration -Wimplicit-int -Wmisleading-indentation -Wpointer-arith -Wshorten-64-to-32 -Wwrite-strings -Wold-style-definition -Wmissing-noreturn -Wno-cast-function-type -Wno-constant-logical-operand -Wno-long-long -Wno-missing-field-initializers -Wno-overlength-strings -Wno-parentheses-equality -Wno-self-assign -Wno-tautological-compare -Wno-unused-parameter -Wno-unused-value -Wunused-variable -Wundef -fno-common -pipe  conftest.c  -L. -L/Users/taishoiwamoto/.rvm/rubies/ruby-3.2.2/lib -L. -L/opt/homebrew/opt/libyaml/lib -L/opt/homebrew/opt/libksba/lib -L/opt/homebrew/opt/readline/lib -L/opt/homebrew/opt/zlib/lib -L/opt/homebrew/opt/openssl@1.1/lib -fstack-protector-strong -L/opt/homebrew/opt/sqlite/lib    -lsqlite3 -ldl -lpthread  -lsqlite3 -lruby.3.2 -lsqlite3 -ldl -lpthread  -lsqlite3 -lpthread  "
conftest.c:14:57: error: use of undeclared identifier 'sqlite3_open_v2'
int t(void) { void ((*volatile p)()); p = (void ((*)()))sqlite3_open_v2; return !p; }
                                                        ^
1 error generated.
checked program was:
/* begin */
 1: #include "ruby.h"
 2: 
 3: /*top*/
 4: extern int t(void);
 5: int main(int argc, char **argv)
 6: {
 7:   if (argc > 1000000) {
 8:     int (* volatile tp)(void)=(int (*)(void))&t;
 9:     printf("%d", (*tp)());
10:   }
11: 
12:   return !!argv[argc];
13: }
14: int t(void) { void ((*volatile p)()); p = (void ((*)()))sqlite3_open_v2; return !p; }
/* end */

DYLD_FALLBACK_LIBRARY_PATH=.:/Users/taishoiwamoto/.rvm/rubies/ruby-3.2.2/lib "gcc -o conftest -I/Users/taishoiwamoto/.rvm/rubies/ruby-3.2.2/include/ruby-3.2.0/arm64-darwin23 -I/Users/taishoiwamoto/.rvm/rubies/ruby-3.2.2/include/ruby-3.2.0/ruby/backward -I/Users/taishoiwamoto/.rvm/rubies/ruby-3.2.2/include/ruby-3.2.0 -I. -I/opt/homebrew/opt/sqlite/include -D_XOPEN_SOURCE -D_DARWIN_C_SOURCE -D_DARWIN_UNLIMITED_SELECT -D_REENTRANT   -O3 -I/opt/homebrew/opt/libyaml/include -I/opt/homebrew/opt/libksba/include -I/opt/homebrew/opt/readline/include -I/opt/homebrew/opt/zlib/include -I/opt/homebrew/opt/openssl@1.1/include -fdeclspec -O3 -fno-fast-math -ggdb3 -Wall -Wextra -Wextra-tokens -Wdeprecated-declarations -Wdivision-by-zero -Wdiv-by-zero -Wimplicit-function-declaration -Wimplicit-int -Wmisleading-indentation -Wpointer-arith -Wshorten-64-to-32 -Wwrite-strings -Wold-style-definition -Wmissing-noreturn -Wno-cast-function-type -Wno-constant-logical-operand -Wno-long-long -Wno-missing-field-initializers -Wno-overlength-strings -Wno-parentheses-equality -Wno-self-assign -Wno-tautological-compare -Wno-unused-parameter -Wno-unused-value -Wunused-variable -Wundef -fno-common -pipe  conftest.c  -L. -L/Users/taishoiwamoto/.rvm/rubies/ruby-3.2.2/lib -L. -L/opt/homebrew/opt/libyaml/lib -L/opt/homebrew/opt/libksba/lib -L/opt/homebrew/opt/readline/lib -L/opt/homebrew/opt/zlib/lib -L/opt/homebrew/opt/openssl@1.1/lib -fstack-protector-strong -L/opt/homebrew/opt/sqlite/lib    -lsqlite3 -ldl -lpthread  -lsqlite3 -lruby.3.2 -lsqlite3 -ldl -lpthread  -lsqlite3 -lpthread  "
ld: warning: ignoring duplicate libraries: '-ldl', '-lpthread', '-lsqlite3'
checked program was:
/* begin */
 1: #include "ruby.h"
 2: 
 3: /*top*/
 4: extern int t(void);
 5: int main(int argc, char **argv)
 6: {
 7:   if (argc > 1000000) {
 8:     int (* volatile tp)(void)=(int (*)(void))&t;
 9:     printf("%d", (*tp)());
10:   }
11: 
12:   return !!argv[argc];
13: }
14: extern void sqlite3_open_v2();
15: int t(void) { sqlite3_open_v2(); return 0; }
/* end */

--------------------

have_func: checking for sqlite3_prepare_v2()... -------------------- yes

DYLD_FALLBACK_LIBRARY_PATH=.:/Users/taishoiwamoto/.rvm/rubies/ruby-3.2.2/lib "gcc -o conftest -I/Users/taishoiwamoto/.rvm/rubies/ruby-3.2.2/include/ruby-3.2.0/arm64-darwin23 -I/Users/taishoiwamoto/.rvm/rubies/ruby-3.2.2/include/ruby-3.2.0/ruby/backward -I/Users/taishoiwamoto/.rvm/rubies/ruby-3.2.2/include/ruby-3.2.0 -I. -I/opt/homebrew/opt/sqlite/include -D_XOPEN_SOURCE -D_DARWIN_C_SOURCE -D_DARWIN_UNLIMITED_SELECT -D_REENTRANT   -O3 -I/opt/homebrew/opt/libyaml/include -I/opt/homebrew/opt/libksba/include -I/opt/homebrew/opt/readline/include -I/opt/homebrew/opt/zlib/include -I/opt/homebrew/opt/openssl@1.1/include -fdeclspec -O3 -fno-fast-math -ggdb3 -Wall -Wextra -Wextra-tokens -Wdeprecated-declarations -Wdivision-by-zero -Wdiv-by-zero -Wimplicit-function-declaration -Wimplicit-int -Wmisleading-indentation -Wpointer-arith -Wshorten-64-to-32 -Wwrite-strings -Wold-style-definition -Wmissing-noreturn -Wno-cast-function-type -Wno-constant-logical-operand -Wno-long-long -Wno-missing-field-initializers -Wno-overlength-strings -Wno-parentheses-equality -Wno-self-assign -Wno-tautological-compare -Wno-unused-parameter -Wno-unused-value -Wunused-variable -Wundef -fno-common -pipe  conftest.c  -L. -L/Users/taishoiwamoto/.rvm/rubies/ruby-3.2.2/lib -L. -L/opt/homebrew/opt/libyaml/lib -L/opt/homebrew/opt/libksba/lib -L/opt/homebrew/opt/readline/lib -L/opt/homebrew/opt/zlib/lib -L/opt/homebrew/opt/openssl@1.1/lib -fstack-protector-strong -L/opt/homebrew/opt/sqlite/lib    -lsqlite3 -ldl -lpthread  -lsqlite3 -lruby.3.2 -lsqlite3 -ldl -lpthread  -lsqlite3 -lpthread  "
conftest.c:14:57: error: use of undeclared identifier 'sqlite3_prepare_v2'
int t(void) { void ((*volatile p)()); p = (void ((*)()))sqlite3_prepare_v2; return !p; }
                                                        ^
1 error generated.
checked program was:
/* begin */
 1: #include "ruby.h"
 2: 
 3: /*top*/
 4: extern int t(void);
 5: int main(int argc, char **argv)
 6: {
 7:   if (argc > 1000000) {
 8:     int (* volatile tp)(void)=(int (*)(void))&t;
 9:     printf("%d", (*tp)());
10:   }
11: 
12:   return !!argv[argc];
13: }
14: int t(void) { void ((*volatile p)()); p = (void ((*)()))sqlite3_prepare_v2; return !p; }
/* end */

DYLD_FALLBACK_LIBRARY_PATH=.:/Users/taishoiwamoto/.rvm/rubies/ruby-3.2.2/lib "gcc -o conftest -I/Users/taishoiwamoto/.rvm/rubies/ruby-3.2.2/include/ruby-3.2.0/arm64-darwin23 -I/Users/taishoiwamoto/.rvm/rubies/ruby-3.2.2/include/ruby-3.2.0/ruby/backward -I/Users/taishoiwamoto/.rvm/rubies/ruby-3.2.2/include/ruby-3.2.0 -I. -I/opt/homebrew/opt/sqlite/include -D_XOPEN_SOURCE -D_DARWIN_C_SOURCE -D_DARWIN_UNLIMITED_SELECT -D_REENTRANT   -O3 -I/opt/homebrew/opt/libyaml/include -I/opt/homebrew/opt/libksba/include -I/opt/homebrew/opt/readline/include -I/opt/homebrew/opt/zlib/include -I/opt/homebrew/opt/openssl@1.1/include -fdeclspec -O3 -fno-fast-math -ggdb3 -Wall -Wextra -Wextra-tokens -Wdeprecated-declarations -Wdivision-by-zero -Wdiv-by-zero -Wimplicit-function-declaration -Wimplicit-int -Wmisleading-indentation -Wpointer-arith -Wshorten-64-to-32 -Wwrite-strings -Wold-style-definition -Wmissing-noreturn -Wno-cast-function-type -Wno-constant-logical-operand -Wno-long-long -Wno-missing-field-initializers -Wno-overlength-strings -Wno-parentheses-equality -Wno-self-assign -Wno-tautological-compare -Wno-unused-parameter -Wno-unused-value -Wunused-variable -Wundef -fno-common -pipe  conftest.c  -L. -L/Users/taishoiwamoto/.rvm/rubies/ruby-3.2.2/lib -L. -L/opt/homebrew/opt/libyaml/lib -L/opt/homebrew/opt/libksba/lib -L/opt/homebrew/opt/readline/lib -L/opt/homebrew/opt/zlib/lib -L/opt/homebrew/opt/openssl@1.1/lib -fstack-protector-strong -L/opt/homebrew/opt/sqlite/lib    -lsqlite3 -ldl -lpthread  -lsqlite3 -lruby.3.2 -lsqlite3 -ldl -lpthread  -lsqlite3 -lpthread  "
ld: warning: ignoring duplicate libraries: '-ldl', '-lpthread', '-lsqlite3'
checked program was:
/* begin */
 1: #include "ruby.h"
 2: 
 3: /*top*/
 4: extern int t(void);
 5: int main(int argc, char **argv)
 6: {
 7:   if (argc > 1000000) {
 8:     int (* volatile tp)(void)=(int (*)(void))&t;
 9:     printf("%d", (*tp)());
10:   }
11: 
12:   return !!argv[argc];
13: }
14: extern void sqlite3_prepare_v2();
15: int t(void) { sqlite3_prepare_v2(); return 0; }
/* end */

--------------------

have_type: checking for sqlite3_int64 in sqlite3.h... -------------------- yes

DYLD_FALLBACK_LIBRARY_PATH=.:/Users/taishoiwamoto/.rvm/rubies/ruby-3.2.2/lib "gcc -I/Users/taishoiwamoto/.rvm/rubies/ruby-3.2.2/include/ruby-3.2.0/arm64-darwin23 -I/Users/taishoiwamoto/.rvm/rubies/ruby-3.2.2/include/ruby-3.2.0/ruby/backward -I/Users/taishoiwamoto/.rvm/rubies/ruby-3.2.2/include/ruby-3.2.0 -I. -I/opt/homebrew/opt/sqlite/include -D_XOPEN_SOURCE -D_DARWIN_C_SOURCE -D_DARWIN_UNLIMITED_SELECT -D_REENTRANT   -O3 -I/opt/homebrew/opt/libyaml/include -I/opt/homebrew/opt/libksba/include -I/opt/homebrew/opt/readline/include -I/opt/homebrew/opt/zlib/include -I/opt/homebrew/opt/openssl@1.1/include -fdeclspec -O3 -fno-fast-math -ggdb3 -Wall -Wextra -Wextra-tokens -Wdeprecated-declarations -Wdivision-by-zero -Wdiv-by-zero -Wimplicit-function-declaration -Wimplicit-int -Wmisleading-indentation -Wpointer-arith -Wshorten-64-to-32 -Wwrite-strings -Wold-style-definition -Wmissing-noreturn -Wno-cast-function-type -Wno-constant-logical-operand -Wno-long-long -Wno-missing-field-initializers -Wno-overlength-strings -Wno-parentheses-equality -Wno-self-assign -Wno-tautological-compare -Wno-unused-parameter -Wno-unused-value -Wunused-variable -Wundef -fno-common -pipe    -c conftest.c"
checked program was:
/* begin */
1: #include "ruby.h"
2: 
3: #include <sqlite3.h>
4: 
5: /*top*/
6: typedef sqlite3_int64 conftest_type;
7: int conftestval[sizeof(conftest_type)?1:-1];
/* end */

--------------------

have_type: checking for sqlite3_uint64 in sqlite3.h... -------------------- yes

DYLD_FALLBACK_LIBRARY_PATH=.:/Users/taishoiwamoto/.rvm/rubies/ruby-3.2.2/lib "gcc -I/Users/taishoiwamoto/.rvm/rubies/ruby-3.2.2/include/ruby-3.2.0/arm64-darwin23 -I/Users/taishoiwamoto/.rvm/rubies/ruby-3.2.2/include/ruby-3.2.0/ruby/backward -I/Users/taishoiwamoto/.rvm/rubies/ruby-3.2.2/include/ruby-3.2.0 -I. -I/opt/homebrew/opt/sqlite/include -D_XOPEN_SOURCE -D_DARWIN_C_SOURCE -D_DARWIN_UNLIMITED_SELECT -D_REENTRANT   -O3 -I/opt/homebrew/opt/libyaml/include -I/opt/homebrew/opt/libksba/include -I/opt/homebrew/opt/readline/include -I/opt/homebrew/opt/zlib/include -I/opt/homebrew/opt/openssl@1.1/include -fdeclspec -O3 -fno-fast-math -ggdb3 -Wall -Wextra -Wextra-tokens -Wdeprecated-declarations -Wdivision-by-zero -Wdiv-by-zero -Wimplicit-function-declaration -Wimplicit-int -Wmisleading-indentation -Wpointer-arith -Wshorten-64-to-32 -Wwrite-strings -Wold-style-definition -Wmissing-noreturn -Wno-cast-function-type -Wno-constant-logical-operand -Wno-long-long -Wno-missing-field-initializers -Wno-overlength-strings -Wno-parentheses-equality -Wno-self-assign -Wno-tautological-compare -Wno-unused-parameter -Wno-unused-value -Wunused-variable -Wundef -fno-common -pipe    -c conftest.c"
checked program was:
/* begin */
1: #include "ruby.h"
2: 
3: #include <sqlite3.h>
4: 
5: /*top*/
6: typedef sqlite3_uint64 conftest_type;
7: int conftestval[sizeof(conftest_type)?1:-1];
/* end */

--------------------

